<?xml version="1.0" encoding="UTF-8"?>
<!-- Generated by org.testng.reporters.JUnitXMLReporter -->
<testsuite hostname="ssv-home" name="Default test" tests="6" failures="0" timestamp="6 Sep 2015 20:08:44 GMT" time="4.833" errors="0">
  <testcase name="existTest" time="0.741" classname="parametrizedSelenium.HHCalcTestNG"/>
  <testcase name="simpleCheckTest" time="1.775" classname="parametrizedSelenium.HHCalcTestNG"/>
  <testcase name="testDevide" time="0.485" classname="parametrizedSelenium.HHCalcTestNG"/>
  <testcase name="testMinus" time="0.476" classname="parametrizedSelenium.HHCalcTestNG"/>
  <testcase name="testPlus" time="0.487" classname="parametrizedSelenium.HHCalcTestNG"/>
  <testcase name="testUmnog" time="0.398" classname="parametrizedSelenium.HHCalcTestNG"/>
</testsuite> <!-- Default test -->
