<?xml version="1.0" encoding="UTF-8"?>
<testng-results skipped="0" failed="0" total="6" passed="6">
  <reporter-output>
  </reporter-output>
  <suite name="Default suite" duration-ms="4833" started-at="2015-09-06T20:08:39Z" finished-at="2015-09-06T20:08:44Z">
    <groups>
    </groups>
    <test name="Default test" duration-ms="4833" started-at="2015-09-06T20:08:39Z" finished-at="2015-09-06T20:08:44Z">
      <class name="parametrizedSelenium.HHCalcTestNG">
        <test-method status="PASS" signature="existTest()[pri:0, instance:parametrizedSelenium.HHCalcTestNG@188af83]" name="existTest" duration-ms="741" started-at="2015-09-06T23:08:39Z" finished-at="2015-09-06T23:08:40Z">
          <reporter-output>
          </reporter-output>
        </test-method> <!-- existTest -->
        <test-method status="PASS" signature="simpleCheckTest()[pri:0, instance:parametrizedSelenium.HHCalcTestNG@188af83]" name="simpleCheckTest" duration-ms="1775" started-at="2015-09-06T23:08:40Z" finished-at="2015-09-06T23:08:41Z">
          <reporter-output>
          </reporter-output>
        </test-method> <!-- simpleCheckTest -->
        <test-method status="PASS" signature="testDevide()[pri:0, instance:parametrizedSelenium.HHCalcTestNG@188af83]" name="testDevide" duration-ms="485" started-at="2015-09-06T23:08:41Z" finished-at="2015-09-06T23:08:42Z">
          <reporter-output>
          </reporter-output>
        </test-method> <!-- testDevide -->
        <test-method status="PASS" signature="testMinus()[pri:0, instance:parametrizedSelenium.HHCalcTestNG@188af83]" name="testMinus" duration-ms="476" started-at="2015-09-06T23:08:42Z" finished-at="2015-09-06T23:08:42Z">
          <reporter-output>
          </reporter-output>
        </test-method> <!-- testMinus -->
        <test-method status="PASS" signature="testPlus()[pri:0, instance:parametrizedSelenium.HHCalcTestNG@188af83]" name="testPlus" duration-ms="487" started-at="2015-09-06T23:08:42Z" finished-at="2015-09-06T23:08:43Z">
          <reporter-output>
          </reporter-output>
        </test-method> <!-- testPlus -->
        <test-method status="PASS" signature="testUmnog()[pri:0, instance:parametrizedSelenium.HHCalcTestNG@188af83]" name="testUmnog" duration-ms="398" started-at="2015-09-06T23:08:43Z" finished-at="2015-09-06T23:08:43Z">
          <reporter-output>
          </reporter-output>
        </test-method> <!-- testUmnog -->
        <test-method status="PASS" signature="endClass()[pri:0, instance:parametrizedSelenium.HHCalcTestNG@188af83]" name="endClass" is-config="true" duration-ms="452" started-at="2015-09-06T23:08:43Z" finished-at="2015-09-06T23:08:44Z">
          <reporter-output>
          </reporter-output>
        </test-method> <!-- endClass -->
      </class> <!-- parametrizedSelenium.HHCalcTestNG -->
    </test> <!-- Default test -->
  </suite> <!-- Default suite -->
</testng-results>
